
**** Build of configuration Debug for project ADC ****

"C:\\ti\\ccsv7\\utils\\bin\\gmake" -k -j 8 all -O 
'Building file: ../main.c'
'Invoking: MSP430 Compiler'
"C:/ti/ccsv7/tools/compiler/ti-cgt-msp430_16.9.4.LTS/bin/cl430" -vmsp --use_hw_mpy=none --include_path="C:/ti/ccsv7/ccs_base/msp430/include" --include_path="C:/Users/FatihKaya/Documents/CCS_MSP430_WS/ADC" --include_path="C:/ti/ccsv7/tools/compiler/ti-cgt-msp430_16.9.4.LTS/include" --advice:power=all --define=__MSP430G2553__ -g --printf_support=minimal --diag_warning=225 --diag_wrap=off --display_error_number --preproc_with_compile --preproc_dependency="main.d_raw"  "../main.c"
"../main.c", line 81: warning #169-D: argument of type "volatile unsigned int *" is incompatible with parameter of type "unsigned int *"
"../main.c", line 82: remark #1527-D: (ULP 2.1) Detected SW delay loop using __delay_cycles. Recommend using a timer module instead
'Finished building: ../main.c'
' '
'Building file: ../ADC.c'
'Invoking: MSP430 Compiler'
"C:/ti/ccsv7/tools/compiler/ti-cgt-msp430_16.9.4.LTS/bin/cl430" -vmsp --use_hw_mpy=none --include_path="C:/ti/ccsv7/ccs_base/msp430/include" --include_path="C:/Users/FatihKaya/Documents/CCS_MSP430_WS/ADC" --include_path="C:/ti/ccsv7/tools/compiler/ti-cgt-msp430_16.9.4.LTS/include" --advice:power=all --define=__MSP430G2553__ -g --printf_support=minimal --diag_warning=225 --diag_wrap=off --display_error_number --preproc_with_compile --preproc_dependency="ADC.d_raw"  "../ADC.c"
"../ADC.c", line 19: remark #1528-D: (ULP 3.1) Detected flag polling using ADC10BUSY. Recommend using an interrupt combined with enter LPMx and ISR
"../ADC.c", line 20: warning #515-D: a value of type "unsigned int *" cannot be assigned to an entity of type "unsigned int"
'Finished building: ../ADC.c'
' '
'Building target: ADC.out'
'Invoking: MSP430 Linker'
"C:/ti/ccsv7/tools/compiler/ti-cgt-msp430_16.9.4.LTS/bin/cl430" -vmsp --use_hw_mpy=none --advice:power=all --define=__MSP430G2553__ -g --printf_support=minimal --diag_warning=225 --diag_wrap=off --display_error_number -z -m"ADC.map" --heap_size=80 --stack_size=80 -i"C:/ti/ccsv7/ccs_base/msp430/include" -i"C:/ti/ccsv7/tools/compiler/ti-cgt-msp430_16.9.4.LTS/lib" -i"C:/ti/ccsv7/tools/compiler/ti-cgt-msp430_16.9.4.LTS/include" --reread_libs --diag_wrap=off --display_error_number --warn_sections --xml_link_info="ADC_linkInfo.xml" --use_hw_mpy=none --rom_model -o "ADC.out" "./ADC.obj" "./main.obj" "../lnk_msp430g2553.cmd"  -llibc.a 
<Linking>
remark #10371-D: (ULP 1.1) Detected no uses of low power mode state changing instructions
remark #10372-D: (ULP 4.1) Detected uninitialized Port 1 in this project. Recommend initializing all unused ports to eliminate wasted current consumption on unused pins.
remark #10372-D: (ULP 4.1) Detected uninitialized Port 2 in this project. Recommend initializing all unused ports to eliminate wasted current consumption on unused pins.
remark #10372-D: (ULP 4.1) Detected uninitialized Port 3 in this project. Recommend initializing all unused ports to eliminate wasted current consumption on unused pins.
'Finished building target: ADC.out'
' '

**** Build Finished ****
